  Test.cpp
d:\programming\projects\c++\ztcv\ztcv\imageprocessing.hpp(113): warning C4244: “参数”: 从“double”转换到“float”，可能丢失数据
d:\programming\projects\c++\ztcv\ztcv\imageprocessing.hpp(120): warning C4244: “/=”: 从“double”转换到“float”，可能丢失数据
d:\programming\projects\c++\ztcv\ztcv\test.cpp(47): warning C4477: “fprintf”: 格式字符串“%d”需要类型“int”的参数，但可变参数 4 拥有了类型“double”
d:\programming\projects\c++\ztcv\ztcv\test.cpp(93): warning C4477: “fprintf”: 格式字符串“%d”需要类型“int”的参数，但可变参数 4 拥有了类型“size_t”
  d:\programming\projects\c++\ztcv\ztcv\test.cpp(93): note: 请考虑在格式字符串中使用“%zd”
d:\programming\projects\c++\ztcv\ztcv\test.cpp(95): warning C4477: “fprintf”: 格式字符串“%d”需要类型“int”的参数，但可变参数 4 拥有了类型“size_t”
  d:\programming\projects\c++\ztcv\ztcv\test.cpp(95): note: 请考虑在格式字符串中使用“%zd”
d:\programming\projects\c++\ztcv\ztcv\mat.hpp(16): warning C4267: “=”: 从“size_t”转换到“uint32_t”，可能丢失数据
  d:\programming\projects\c++\ztcv\ztcv\mat.hpp(6): note: 编译 类 模板 成员函数 "void ztCV::Mat_<uint8_t>::create(int,int,int)" 时
  d:\programming\projects\c++\ztcv\ztcv\rwimage.hpp(45): note: 参见对正在编译的函数 模板 实例化“void ztCV::Mat_<uint8_t>::create(int,int,int)”的引用
  d:\programming\projects\c++\ztcv\ztcv\rwimage.hpp(20): note: 参见对正在编译的 类 模板 实例化 "ztCV::Mat_<uint8_t>" 的引用
d:\programming\projects\c++\ztcv\ztcv\imageprocessing.hpp(89): warning C4244: “=”: 从“double”转换到“float”，可能丢失数据
  d:\programming\projects\c++\ztcv\ztcv\test.cpp(146): note: 参见对正在编译的函数 模板 实例化“void ztCV::box_filter<uint8_t>(const ztCV::Mat_<uint8_t> &,ztCV::Mat_<uint8_t> &,ztCV::Size,bool,int)”的引用
d:\programming\projects\c++\ztcv\ztcv\imageprocessing.hpp(65): warning C4244: “=”: 从“float”转换到“uint8_t”，可能丢失数据
  d:\programming\projects\c++\ztcv\ztcv\imageprocessing.hpp(133): note: 参见对正在编译的函数 模板 实例化“void ztCV::apply<uint8_t,float>(const ztCV::Mat_<uint8_t> &,ztCV::Mat_<uint8_t> &,ztCV::Mat_<float> &,int)”的引用
  d:\programming\projects\c++\ztcv\ztcv\test.cpp(127): note: 参见对正在编译的函数 模板 实例化“void ztCV::gaussian_blur<uint8_t>(ztCV::Mat_<uint8_t> &,ztCV::Mat_<uint8_t> &,ztCV::Size,double,double,int)”的引用
d:\programming\projects\c++\ztcv\ztcv\mat.hpp(335): warning C4267: “初始化”: 从“size_t”转换到“int”，可能丢失数据
  d:\programming\projects\c++\ztcv\ztcv\mat.hpp(333): note: 编译 类 模板 成员函数 "void ztCV::Mat_<uint8_t>::set_value(Type)" 时
          with
          [
              Type=uint8_t
          ]
  d:\programming\projects\c++\ztcv\ztcv\mat.hpp(88): note: 参见对正在编译的函数 模板 实例化“void ztCV::Mat_<uint8_t>::set_value(Type)”的引用
          with
          [
              Type=uint8_t
          ]
  d:\programming\projects\c++\ztcv\ztcv\mat.hpp(87): note: 编译 类 模板 成员函数 "ztCV::Mat_<uint8_t>::Mat_(int,int,int,Type)" 时
          with
          [
              Type=uint8_t
          ]
  d:\programming\projects\c++\ztcv\ztcv\mat.hpp(314): note: 参见对正在编译的函数 模板 实例化“ztCV::Mat_<uint8_t>::Mat_(int,int,int,Type)”的引用
          with
          [
              Type=uint8_t
          ]
  d:\programming\projects\c++\ztcv\ztcv\mat.hpp(6): note: 编译 类 模板 成员函数 "void ztCV::Mat_<uint8_t>::create(int,int,int)" 时
  d:\programming\projects\c++\ztcv\ztcv\rwimage.hpp(45): note: 参见对正在编译的函数 模板 实例化“void ztCV::Mat_<uint8_t>::create(int,int,int)”的引用
d:\programming\projects\c++\ztcv\ztcv\mat.hpp(335): warning C4267: “初始化”: 从“size_t”转换到“const int”，可能丢失数据
  ztCV.cpp
  正在生成代码...
d:\programming\projects\c++\ztcv\ztcv\rwimage.hpp(124): warning C4715: “ztCV::write_image”: 不是所有的控件路径都返回值
Test.obj : error LNK2019: 无法解析的外部符号 jpeg_std_error，该符号在函数 "class ztCV::Mat_<unsigned char> __cdecl ztCV::read_image(char const * const)" (?read_image@ztCV@@YA?AV?$Mat_@E@1@QEBD@Z) 中被引用
Test.obj : error LNK2019: 无法解析的外部符号 jpeg_CreateCompress，该符号在函数 "bool __cdecl ztCV::write_image(char const *,class ztCV::Mat_<unsigned char> const &)" (?write_image@ztCV@@YA_NPEBDAEBV?$Mat_@E@1@@Z) 中被引用
Test.obj : error LNK2019: 无法解析的外部符号 jpeg_CreateDecompress，该符号在函数 "class ztCV::Mat_<unsigned char> __cdecl ztCV::read_image(char const * const)" (?read_image@ztCV@@YA?AV?$Mat_@E@1@QEBD@Z) 中被引用
Test.obj : error LNK2019: 无法解析的外部符号 jpeg_destroy_compress，该符号在函数 "bool __cdecl ztCV::write_image(char const *,class ztCV::Mat_<unsigned char> const &)" (?write_image@ztCV@@YA_NPEBDAEBV?$Mat_@E@1@@Z) 中被引用
Test.obj : error LNK2019: 无法解析的外部符号 jpeg_destroy_decompress，该符号在函数 "class ztCV::Mat_<unsigned char> __cdecl ztCV::read_image(char const * const)" (?read_image@ztCV@@YA?AV?$Mat_@E@1@QEBD@Z) 中被引用
Test.obj : error LNK2019: 无法解析的外部符号 jpeg_stdio_dest，该符号在函数 "bool __cdecl ztCV::write_image(char const *,class ztCV::Mat_<unsigned char> const &)" (?write_image@ztCV@@YA_NPEBDAEBV?$Mat_@E@1@@Z) 中被引用
Test.obj : error LNK2019: 无法解析的外部符号 jpeg_stdio_src，该符号在函数 "class ztCV::Mat_<unsigned char> __cdecl ztCV::read_image(char const * const)" (?read_image@ztCV@@YA?AV?$Mat_@E@1@QEBD@Z) 中被引用
Test.obj : error LNK2019: 无法解析的外部符号 jpeg_set_defaults，该符号在函数 "bool __cdecl ztCV::write_image(char const *,class ztCV::Mat_<unsigned char> const &)" (?write_image@ztCV@@YA_NPEBDAEBV?$Mat_@E@1@@Z) 中被引用
Test.obj : error LNK2019: 无法解析的外部符号 jpeg_set_linear_quality，该符号在函数 "bool __cdecl ztCV::write_image(char const *,class ztCV::Mat_<unsigned char> const &)" (?write_image@ztCV@@YA_NPEBDAEBV?$Mat_@E@1@@Z) 中被引用
Test.obj : error LNK2019: 无法解析的外部符号 jpeg_start_compress，该符号在函数 "bool __cdecl ztCV::write_image(char const *,class ztCV::Mat_<unsigned char> const &)" (?write_image@ztCV@@YA_NPEBDAEBV?$Mat_@E@1@@Z) 中被引用
Test.obj : error LNK2019: 无法解析的外部符号 jpeg_write_scanlines，该符号在函数 "bool __cdecl ztCV::write_image(char const *,class ztCV::Mat_<unsigned char> const &)" (?write_image@ztCV@@YA_NPEBDAEBV?$Mat_@E@1@@Z) 中被引用
Test.obj : error LNK2019: 无法解析的外部符号 jpeg_finish_compress，该符号在函数 "bool __cdecl ztCV::write_image(char const *,class ztCV::Mat_<unsigned char> const &)" (?write_image@ztCV@@YA_NPEBDAEBV?$Mat_@E@1@@Z) 中被引用
Test.obj : error LNK2019: 无法解析的外部符号 jpeg_read_header，该符号在函数 "class ztCV::Mat_<unsigned char> __cdecl ztCV::read_image(char const * const)" (?read_image@ztCV@@YA?AV?$Mat_@E@1@QEBD@Z) 中被引用
Test.obj : error LNK2019: 无法解析的外部符号 jpeg_start_decompress，该符号在函数 "class ztCV::Mat_<unsigned char> __cdecl ztCV::read_image(char const * const)" (?read_image@ztCV@@YA?AV?$Mat_@E@1@QEBD@Z) 中被引用
Test.obj : error LNK2019: 无法解析的外部符号 jpeg_read_scanlines，该符号在函数 "class ztCV::Mat_<unsigned char> __cdecl ztCV::read_image(char const * const)" (?read_image@ztCV@@YA?AV?$Mat_@E@1@QEBD@Z) 中被引用
Test.obj : error LNK2019: 无法解析的外部符号 jpeg_finish_decompress，该符号在函数 "class ztCV::Mat_<unsigned char> __cdecl ztCV::read_image(char const * const)" (?read_image@ztCV@@YA?AV?$Mat_@E@1@QEBD@Z) 中被引用
D:\Programming\Projects\C++\ztCV\ztCV\third party\libjpeg\lib\libjpeg.lib : warning LNK4272: 库计算机类型“x86”与目标计算机类型“x64”冲突
D:\Programming\Projects\C++\ztCV\x64\Debug\ztCV.exe : fatal error LNK1120: 16 个无法解析的外部命令
